[2020-12-26 09:46:29.451] [renderer1] [error] [File Watcher (node.js)] Error: ENOENT: no such file or directory, stat '/home/jesusb/Documentos/prueba_books/.vscode'
[2020-12-26 11:25:23.026] [renderer1] [error] Unknown (FileSystemError): Error: Failed to move 'book.rb' to the trash
    at Object.h [as createFileSystemProviderError] (file:///usr/share/code/resources/app/out/vs/workbench/workbench.desktop.main.js:1749:87)
    at r.toFileSystemProviderError (file:///usr/share/code/resources/app/out/vs/workbench/workbench.desktop.main.js:1823:421)
    at r.delete (file:///usr/share/code/resources/app/out/vs/workbench/workbench.desktop.main.js:1819:651)
    at async _.del (file:///usr/share/code/resources/app/out/vs/workbench/workbench.desktop.main.js:1811:328)
    at async p.delete (file:///usr/share/code/resources/app/out/vs/workbench/workbench.desktop.main.js:6784:18)
    at async v.perform (file:///usr/share/code/resources/app/out/vs/workbench/workbench.desktop.main.js:6815:538)
    at async S.apply (file:///usr/share/code/resources/app/out/vs/workbench/workbench.desktop.main.js:6817:420)
    at async b._performFileEdits (file:///usr/share/code/resources/app/out/vs/workbench/workbench.desktop.main.js:6819:577)
    at async b.perform (file:///usr/share/code/resources/app/out/vs/workbench/workbench.desktop.main.js:6819:36)
    at async _.apply (file:///usr/share/code/resources/app/out/vs/workbench/workbench.desktop.main.js:6821:332)
    at async file:///usr/share/code/resources/app/out/vs/workbench/workbench.desktop.main.js:6139:737
[2020-12-26 11:25:23.030] [renderer1] [error] Error: Failed to move 'book.rb' to the trash: Unknown (FileSystemError): Error: Failed to move 'book.rb' to the trash
    at Object.h [as createFileSystemProviderError] (file:///usr/share/code/resources/app/out/vs/workbench/workbench.desktop.main.js:1749:87)
    at r.toFileSystemProviderError (file:///usr/share/code/resources/app/out/vs/workbench/workbench.desktop.main.js:1823:421)
    at r.delete (file:///usr/share/code/resources/app/out/vs/workbench/workbench.desktop.main.js:1819:651)
    at async _.del (file:///usr/share/code/resources/app/out/vs/workbench/workbench.desktop.main.js:1811:328)
    at async p.delete (file:///usr/share/code/resources/app/out/vs/workbench/workbench.desktop.main.js:6784:18)
    at async v.perform (file:///usr/share/code/resources/app/out/vs/workbench/workbench.desktop.main.js:6815:538)
    at async S.apply (file:///usr/share/code/resources/app/out/vs/workbench/workbench.desktop.main.js:6817:420)
    at async b._performFileEdits (file:///usr/share/code/resources/app/out/vs/workbench/workbench.desktop.main.js:6819:577)
    at async b.perform (file:///usr/share/code/resources/app/out/vs/workbench/workbench.desktop.main.js:6819:36)
    at async _.apply (file:///usr/share/code/resources/app/out/vs/workbench/workbench.desktop.main.js:6821:332)
    at async file:///usr/share/code/resources/app/out/vs/workbench/workbench.desktop.main.js:6139:737
[2020-12-26 11:31:44.525] [renderer1] [error] Failed to execute git
[2020-12-26 11:31:51.570] [renderer1] [error] Failed to execute git
[2020-12-26 11:38:52.675] [renderer1] [error] Failed to execute git
[2020-12-26 11:48:22.526] [renderer1] [error] Failed to execute git
[2020-12-26 11:51:26.348] [renderer1] [error] Unknown (FileSystemError): Error: Failed to move 'book1s' to the trash
    at Object.h [as createFileSystemProviderError] (file:///usr/share/code/resources/app/out/vs/workbench/workbench.desktop.main.js:1749:87)
    at r.toFileSystemProviderError (file:///usr/share/code/resources/app/out/vs/workbench/workbench.desktop.main.js:1823:421)
    at r.delete (file:///usr/share/code/resources/app/out/vs/workbench/workbench.desktop.main.js:1819:651)
    at async _.del (file:///usr/share/code/resources/app/out/vs/workbench/workbench.desktop.main.js:1811:328)
    at async p.delete (file:///usr/share/code/resources/app/out/vs/workbench/workbench.desktop.main.js:6784:18)
    at async v.perform (file:///usr/share/code/resources/app/out/vs/workbench/workbench.desktop.main.js:6815:538)
    at async S.apply (file:///usr/share/code/resources/app/out/vs/workbench/workbench.desktop.main.js:6817:420)
    at async b._performFileEdits (file:///usr/share/code/resources/app/out/vs/workbench/workbench.desktop.main.js:6819:577)
    at async b.perform (file:///usr/share/code/resources/app/out/vs/workbench/workbench.desktop.main.js:6819:36)
    at async _.apply (file:///usr/share/code/resources/app/out/vs/workbench/workbench.desktop.main.js:6821:332)
    at async file:///usr/share/code/resources/app/out/vs/workbench/workbench.desktop.main.js:6139:737
[2020-12-26 11:51:26.363] [renderer1] [error] Error: Failed to move 'book1s' to the trash: Unknown (FileSystemError): Error: Failed to move 'book1s' to the trash
    at Object.h [as createFileSystemProviderError] (file:///usr/share/code/resources/app/out/vs/workbench/workbench.desktop.main.js:1749:87)
    at r.toFileSystemProviderError (file:///usr/share/code/resources/app/out/vs/workbench/workbench.desktop.main.js:1823:421)
    at r.delete (file:///usr/share/code/resources/app/out/vs/workbench/workbench.desktop.main.js:1819:651)
    at async _.del (file:///usr/share/code/resources/app/out/vs/workbench/workbench.desktop.main.js:1811:328)
    at async p.delete (file:///usr/share/code/resources/app/out/vs/workbench/workbench.desktop.main.js:6784:18)
    at async v.perform (file:///usr/share/code/resources/app/out/vs/workbench/workbench.desktop.main.js:6815:538)
    at async S.apply (file:///usr/share/code/resources/app/out/vs/workbench/workbench.desktop.main.js:6817:420)
    at async b._performFileEdits (file:///usr/share/code/resources/app/out/vs/workbench/workbench.desktop.main.js:6819:577)
    at async b.perform (file:///usr/share/code/resources/app/out/vs/workbench/workbench.desktop.main.js:6819:36)
    at async _.apply (file:///usr/share/code/resources/app/out/vs/workbench/workbench.desktop.main.js:6821:332)
    at async file:///usr/share/code/resources/app/out/vs/workbench/workbench.desktop.main.js:6139:737
[2020-12-26 11:51:43.720] [renderer1] [error] Unknown (FileSystemError): Error: Failed to move 'index.html.erb' to the trash
    at Object.h [as createFileSystemProviderError] (file:///usr/share/code/resources/app/out/vs/workbench/workbench.desktop.main.js:1749:87)
    at r.toFileSystemProviderError (file:///usr/share/code/resources/app/out/vs/workbench/workbench.desktop.main.js:1823:421)
    at r.delete (file:///usr/share/code/resources/app/out/vs/workbench/workbench.desktop.main.js:1819:651)
    at async _.del (file:///usr/share/code/resources/app/out/vs/workbench/workbench.desktop.main.js:1811:328)
    at async p.delete (file:///usr/share/code/resources/app/out/vs/workbench/workbench.desktop.main.js:6784:18)
    at async v.perform (file:///usr/share/code/resources/app/out/vs/workbench/workbench.desktop.main.js:6815:538)
    at async S.apply (file:///usr/share/code/resources/app/out/vs/workbench/workbench.desktop.main.js:6817:420)
    at async b._performFileEdits (file:///usr/share/code/resources/app/out/vs/workbench/workbench.desktop.main.js:6819:577)
    at async b.perform (file:///usr/share/code/resources/app/out/vs/workbench/workbench.desktop.main.js:6819:36)
    at async _.apply (file:///usr/share/code/resources/app/out/vs/workbench/workbench.desktop.main.js:6821:332)
    at async file:///usr/share/code/resources/app/out/vs/workbench/workbench.desktop.main.js:6139:737
[2020-12-26 11:51:43.726] [renderer1] [error] Error: Failed to move 'index.html.erb' to the trash: Unknown (FileSystemError): Error: Failed to move 'index.html.erb' to the trash
    at Object.h [as createFileSystemProviderError] (file:///usr/share/code/resources/app/out/vs/workbench/workbench.desktop.main.js:1749:87)
    at r.toFileSystemProviderError (file:///usr/share/code/resources/app/out/vs/workbench/workbench.desktop.main.js:1823:421)
    at r.delete (file:///usr/share/code/resources/app/out/vs/workbench/workbench.desktop.main.js:1819:651)
    at async _.del (file:///usr/share/code/resources/app/out/vs/workbench/workbench.desktop.main.js:1811:328)
    at async p.delete (file:///usr/share/code/resources/app/out/vs/workbench/workbench.desktop.main.js:6784:18)
    at async v.perform (file:///usr/share/code/resources/app/out/vs/workbench/workbench.desktop.main.js:6815:538)
    at async S.apply (file:///usr/share/code/resources/app/out/vs/workbench/workbench.desktop.main.js:6817:420)
    at async b._performFileEdits (file:///usr/share/code/resources/app/out/vs/workbench/workbench.desktop.main.js:6819:577)
    at async b.perform (file:///usr/share/code/resources/app/out/vs/workbench/workbench.desktop.main.js:6819:36)
    at async _.apply (file:///usr/share/code/resources/app/out/vs/workbench/workbench.desktop.main.js:6821:332)
    at async file:///usr/share/code/resources/app/out/vs/workbench/workbench.desktop.main.js:6139:737
[2020-12-26 11:51:48.705] [renderer1] [error] Unknown (FileSystemError): Error: Failed to move 'show.html.erb' to the trash
    at Object.h [as createFileSystemProviderError] (file:///usr/share/code/resources/app/out/vs/workbench/workbench.desktop.main.js:1749:87)
    at r.toFileSystemProviderError (file:///usr/share/code/resources/app/out/vs/workbench/workbench.desktop.main.js:1823:421)
    at r.delete (file:///usr/share/code/resources/app/out/vs/workbench/workbench.desktop.main.js:1819:651)
    at async _.del (file:///usr/share/code/resources/app/out/vs/workbench/workbench.desktop.main.js:1811:328)
    at async p.delete (file:///usr/share/code/resources/app/out/vs/workbench/workbench.desktop.main.js:6784:18)
    at async v.perform (file:///usr/share/code/resources/app/out/vs/workbench/workbench.desktop.main.js:6815:538)
    at async S.apply (file:///usr/share/code/resources/app/out/vs/workbench/workbench.desktop.main.js:6817:420)
    at async b._performFileEdits (file:///usr/share/code/resources/app/out/vs/workbench/workbench.desktop.main.js:6819:577)
    at async b.perform (file:///usr/share/code/resources/app/out/vs/workbench/workbench.desktop.main.js:6819:36)
    at async _.apply (file:///usr/share/code/resources/app/out/vs/workbench/workbench.desktop.main.js:6821:332)
    at async file:///usr/share/code/resources/app/out/vs/workbench/workbench.desktop.main.js:6139:737
[2020-12-26 11:51:48.714] [renderer1] [error] Error: Failed to move 'show.html.erb' to the trash: Unknown (FileSystemError): Error: Failed to move 'show.html.erb' to the trash
    at Object.h [as createFileSystemProviderError] (file:///usr/share/code/resources/app/out/vs/workbench/workbench.desktop.main.js:1749:87)
    at r.toFileSystemProviderError (file:///usr/share/code/resources/app/out/vs/workbench/workbench.desktop.main.js:1823:421)
    at r.delete (file:///usr/share/code/resources/app/out/vs/workbench/workbench.desktop.main.js:1819:651)
    at async _.del (file:///usr/share/code/resources/app/out/vs/workbench/workbench.desktop.main.js:1811:328)
    at async p.delete (file:///usr/share/code/resources/app/out/vs/workbench/workbench.desktop.main.js:6784:18)
    at async v.perform (file:///usr/share/code/resources/app/out/vs/workbench/workbench.desktop.main.js:6815:538)
    at async S.apply (file:///usr/share/code/resources/app/out/vs/workbench/workbench.desktop.main.js:6817:420)
    at async b._performFileEdits (file:///usr/share/code/resources/app/out/vs/workbench/workbench.desktop.main.js:6819:577)
    at async b.perform (file:///usr/share/code/resources/app/out/vs/workbench/workbench.desktop.main.js:6819:36)
    at async _.apply (file:///usr/share/code/resources/app/out/vs/workbench/workbench.desktop.main.js:6821:332)
    at async file:///usr/share/code/resources/app/out/vs/workbench/workbench.desktop.main.js:6139:737
[2020-12-26 11:51:53.646] [renderer1] [error] Unknown (FileSystemError): Error: Failed to move 'book1s_controller.rb' to the trash
    at Object.h [as createFileSystemProviderError] (file:///usr/share/code/resources/app/out/vs/workbench/workbench.desktop.main.js:1749:87)
    at r.toFileSystemProviderError (file:///usr/share/code/resources/app/out/vs/workbench/workbench.desktop.main.js:1823:421)
    at r.delete (file:///usr/share/code/resources/app/out/vs/workbench/workbench.desktop.main.js:1819:651)
    at async _.del (file:///usr/share/code/resources/app/out/vs/workbench/workbench.desktop.main.js:1811:328)
    at async p.delete (file:///usr/share/code/resources/app/out/vs/workbench/workbench.desktop.main.js:6784:18)
    at async v.perform (file:///usr/share/code/resources/app/out/vs/workbench/workbench.desktop.main.js:6815:538)
    at async S.apply (file:///usr/share/code/resources/app/out/vs/workbench/workbench.desktop.main.js:6817:420)
    at async b._performFileEdits (file:///usr/share/code/resources/app/out/vs/workbench/workbench.desktop.main.js:6819:577)
    at async b.perform (file:///usr/share/code/resources/app/out/vs/workbench/workbench.desktop.main.js:6819:36)
    at async _.apply (file:///usr/share/code/resources/app/out/vs/workbench/workbench.desktop.main.js:6821:332)
    at async file:///usr/share/code/resources/app/out/vs/workbench/workbench.desktop.main.js:6139:737
[2020-12-26 11:51:53.649] [renderer1] [error] Error: Failed to move 'book1s_controller.rb' to the trash: Unknown (FileSystemError): Error: Failed to move 'book1s_controller.rb' to the trash
    at Object.h [as createFileSystemProviderError] (file:///usr/share/code/resources/app/out/vs/workbench/workbench.desktop.main.js:1749:87)
    at r.toFileSystemProviderError (file:///usr/share/code/resources/app/out/vs/workbench/workbench.desktop.main.js:1823:421)
    at r.delete (file:///usr/share/code/resources/app/out/vs/workbench/workbench.desktop.main.js:1819:651)
    at async _.del (file:///usr/share/code/resources/app/out/vs/workbench/workbench.desktop.main.js:1811:328)
    at async p.delete (file:///usr/share/code/resources/app/out/vs/workbench/workbench.desktop.main.js:6784:18)
    at async v.perform (file:///usr/share/code/resources/app/out/vs/workbench/workbench.desktop.main.js:6815:538)
    at async S.apply (file:///usr/share/code/resources/app/out/vs/workbench/workbench.desktop.main.js:6817:420)
    at async b._performFileEdits (file:///usr/share/code/resources/app/out/vs/workbench/workbench.desktop.main.js:6819:577)
    at async b.perform (file:///usr/share/code/resources/app/out/vs/workbench/workbench.desktop.main.js:6819:36)
    at async _.apply (file:///usr/share/code/resources/app/out/vs/workbench/workbench.desktop.main.js:6821:332)
    at async file:///usr/share/code/resources/app/out/vs/workbench/workbench.desktop.main.js:6139:737
[2020-12-26 11:53:55.525] [renderer1] [error] Unknown (FileSystemError): Error: Failed to move 'book1.rb' to the trash
    at Object.h [as createFileSystemProviderError] (file:///usr/share/code/resources/app/out/vs/workbench/workbench.desktop.main.js:1749:87)
    at r.toFileSystemProviderError (file:///usr/share/code/resources/app/out/vs/workbench/workbench.desktop.main.js:1823:421)
    at r.delete (file:///usr/share/code/resources/app/out/vs/workbench/workbench.desktop.main.js:1819:651)
    at async _.del (file:///usr/share/code/resources/app/out/vs/workbench/workbench.desktop.main.js:1811:328)
    at async p.delete (file:///usr/share/code/resources/app/out/vs/workbench/workbench.desktop.main.js:6784:18)
    at async v.perform (file:///usr/share/code/resources/app/out/vs/workbench/workbench.desktop.main.js:6815:538)
    at async S.apply (file:///usr/share/code/resources/app/out/vs/workbench/workbench.desktop.main.js:6817:420)
    at async b._performFileEdits (file:///usr/share/code/resources/app/out/vs/workbench/workbench.desktop.main.js:6819:577)
    at async b.perform (file:///usr/share/code/resources/app/out/vs/workbench/workbench.desktop.main.js:6819:36)
    at async _.apply (file:///usr/share/code/resources/app/out/vs/workbench/workbench.desktop.main.js:6821:332)
    at async file:///usr/share/code/resources/app/out/vs/workbench/workbench.desktop.main.js:6139:737
[2020-12-26 11:53:55.528] [renderer1] [error] Error: Failed to move 'book1.rb' to the trash: Unknown (FileSystemError): Error: Failed to move 'book1.rb' to the trash
    at Object.h [as createFileSystemProviderError] (file:///usr/share/code/resources/app/out/vs/workbench/workbench.desktop.main.js:1749:87)
    at r.toFileSystemProviderError (file:///usr/share/code/resources/app/out/vs/workbench/workbench.desktop.main.js:1823:421)
    at r.delete (file:///usr/share/code/resources/app/out/vs/workbench/workbench.desktop.main.js:1819:651)
    at async _.del (file:///usr/share/code/resources/app/out/vs/workbench/workbench.desktop.main.js:1811:328)
    at async p.delete (file:///usr/share/code/resources/app/out/vs/workbench/workbench.desktop.main.js:6784:18)
    at async v.perform (file:///usr/share/code/resources/app/out/vs/workbench/workbench.desktop.main.js:6815:538)
    at async S.apply (file:///usr/share/code/resources/app/out/vs/workbench/workbench.desktop.main.js:6817:420)
    at async b._performFileEdits (file:///usr/share/code/resources/app/out/vs/workbench/workbench.desktop.main.js:6819:577)
    at async b.perform (file:///usr/share/code/resources/app/out/vs/workbench/workbench.desktop.main.js:6819:36)
    at async _.apply (file:///usr/share/code/resources/app/out/vs/workbench/workbench.desktop.main.js:6821:332)
    at async file:///usr/share/code/resources/app/out/vs/workbench/workbench.desktop.main.js:6139:737
[2020-12-26 11:55:41.157] [renderer1] [error] Unknown (FileSystemError): Error: Failed to move 'book.rb' to the trash
    at Object.h [as createFileSystemProviderError] (file:///usr/share/code/resources/app/out/vs/workbench/workbench.desktop.main.js:1749:87)
    at r.toFileSystemProviderError (file:///usr/share/code/resources/app/out/vs/workbench/workbench.desktop.main.js:1823:421)
    at r.delete (file:///usr/share/code/resources/app/out/vs/workbench/workbench.desktop.main.js:1819:651)
    at async _.del (file:///usr/share/code/resources/app/out/vs/workbench/workbench.desktop.main.js:1811:328)
    at async p.delete (file:///usr/share/code/resources/app/out/vs/workbench/workbench.desktop.main.js:6784:18)
    at async v.perform (file:///usr/share/code/resources/app/out/vs/workbench/workbench.desktop.main.js:6815:538)
    at async S.apply (file:///usr/share/code/resources/app/out/vs/workbench/workbench.desktop.main.js:6817:420)
    at async b._performFileEdits (file:///usr/share/code/resources/app/out/vs/workbench/workbench.desktop.main.js:6819:577)
    at async b.perform (file:///usr/share/code/resources/app/out/vs/workbench/workbench.desktop.main.js:6819:36)
    at async _.apply (file:///usr/share/code/resources/app/out/vs/workbench/workbench.desktop.main.js:6821:332)
    at async file:///usr/share/code/resources/app/out/vs/workbench/workbench.desktop.main.js:6139:737
[2020-12-26 11:55:41.163] [renderer1] [error] Error: Failed to move 'book.rb' to the trash: Unknown (FileSystemError): Error: Failed to move 'book.rb' to the trash
    at Object.h [as createFileSystemProviderError] (file:///usr/share/code/resources/app/out/vs/workbench/workbench.desktop.main.js:1749:87)
    at r.toFileSystemProviderError (file:///usr/share/code/resources/app/out/vs/workbench/workbench.desktop.main.js:1823:421)
    at r.delete (file:///usr/share/code/resources/app/out/vs/workbench/workbench.desktop.main.js:1819:651)
    at async _.del (file:///usr/share/code/resources/app/out/vs/workbench/workbench.desktop.main.js:1811:328)
    at async p.delete (file:///usr/share/code/resources/app/out/vs/workbench/workbench.desktop.main.js:6784:18)
    at async v.perform (file:///usr/share/code/resources/app/out/vs/workbench/workbench.desktop.main.js:6815:538)
    at async S.apply (file:///usr/share/code/resources/app/out/vs/workbench/workbench.desktop.main.js:6817:420)
    at async b._performFileEdits (file:///usr/share/code/resources/app/out/vs/workbench/workbench.desktop.main.js:6819:577)
    at async b.perform (file:///usr/share/code/resources/app/out/vs/workbench/workbench.desktop.main.js:6819:36)
    at async _.apply (file:///usr/share/code/resources/app/out/vs/workbench/workbench.desktop.main.js:6821:332)
    at async file:///usr/share/code/resources/app/out/vs/workbench/workbench.desktop.main.js:6139:737
[2020-12-26 11:55:44.745] [renderer1] [error] Unknown (FileSystemError): Error: Failed to move 'books_controller.rb' to the trash
    at Object.h [as createFileSystemProviderError] (file:///usr/share/code/resources/app/out/vs/workbench/workbench.desktop.main.js:1749:87)
    at r.toFileSystemProviderError (file:///usr/share/code/resources/app/out/vs/workbench/workbench.desktop.main.js:1823:421)
    at r.delete (file:///usr/share/code/resources/app/out/vs/workbench/workbench.desktop.main.js:1819:651)
    at async _.del (file:///usr/share/code/resources/app/out/vs/workbench/workbench.desktop.main.js:1811:328)
    at async p.delete (file:///usr/share/code/resources/app/out/vs/workbench/workbench.desktop.main.js:6784:18)
    at async v.perform (file:///usr/share/code/resources/app/out/vs/workbench/workbench.desktop.main.js:6815:538)
    at async S.apply (file:///usr/share/code/resources/app/out/vs/workbench/workbench.desktop.main.js:6817:420)
    at async b._performFileEdits (file:///usr/share/code/resources/app/out/vs/workbench/workbench.desktop.main.js:6819:577)
    at async b.perform (file:///usr/share/code/resources/app/out/vs/workbench/workbench.desktop.main.js:6819:36)
    at async _.apply (file:///usr/share/code/resources/app/out/vs/workbench/workbench.desktop.main.js:6821:332)
    at async file:///usr/share/code/resources/app/out/vs/workbench/workbench.desktop.main.js:6139:737
[2020-12-26 11:55:44.779] [renderer1] [error] Error: Failed to move 'books_controller.rb' to the trash: Unknown (FileSystemError): Error: Failed to move 'books_controller.rb' to the trash
    at Object.h [as createFileSystemProviderError] (file:///usr/share/code/resources/app/out/vs/workbench/workbench.desktop.main.js:1749:87)
    at r.toFileSystemProviderError (file:///usr/share/code/resources/app/out/vs/workbench/workbench.desktop.main.js:1823:421)
    at r.delete (file:///usr/share/code/resources/app/out/vs/workbench/workbench.desktop.main.js:1819:651)
    at async _.del (file:///usr/share/code/resources/app/out/vs/workbench/workbench.desktop.main.js:1811:328)
    at async p.delete (file:///usr/share/code/resources/app/out/vs/workbench/workbench.desktop.main.js:6784:18)
    at async v.perform (file:///usr/share/code/resources/app/out/vs/workbench/workbench.desktop.main.js:6815:538)
    at async S.apply (file:///usr/share/code/resources/app/out/vs/workbench/workbench.desktop.main.js:6817:420)
    at async b._performFileEdits (file:///usr/share/code/resources/app/out/vs/workbench/workbench.desktop.main.js:6819:577)
    at async b.perform (file:///usr/share/code/resources/app/out/vs/workbench/workbench.desktop.main.js:6819:36)
    at async _.apply (file:///usr/share/code/resources/app/out/vs/workbench/workbench.desktop.main.js:6821:332)
    at async file:///usr/share/code/resources/app/out/vs/workbench/workbench.desktop.main.js:6139:737
