[2020-12-28 18:30:40.973] [renderer1] [error] [File Watcher (node.js)] Error: ENOENT: no such file or directory, stat '/home/jesusb/Documentos/prueba_books/.vscode'
[2020-12-28 19:31:02.070] [renderer1] [error] Error: [File Watcher (chokidar)] Inotify limit reached (ENOSPC)
[2020-12-28 19:31:02.079] [renderer1] [error] [File Watcher (chokidar)] Inotify limit reached (ENOSPC)
[2020-12-28 21:34:17.498] [renderer1] [error] Unknown (FileSystemError): Error: Failed to move 'book1s.scss' to the trash
    at Object.h [as createFileSystemProviderError] (file:///usr/share/code/resources/app/out/vs/workbench/workbench.desktop.main.js:1749:87)
    at r.toFileSystemProviderError (file:///usr/share/code/resources/app/out/vs/workbench/workbench.desktop.main.js:1823:421)
    at r.delete (file:///usr/share/code/resources/app/out/vs/workbench/workbench.desktop.main.js:1819:651)
    at async _.del (file:///usr/share/code/resources/app/out/vs/workbench/workbench.desktop.main.js:1811:328)
    at async p.delete (file:///usr/share/code/resources/app/out/vs/workbench/workbench.desktop.main.js:6784:18)
    at async v.perform (file:///usr/share/code/resources/app/out/vs/workbench/workbench.desktop.main.js:6815:538)
    at async S.apply (file:///usr/share/code/resources/app/out/vs/workbench/workbench.desktop.main.js:6817:420)
    at async b._performFileEdits (file:///usr/share/code/resources/app/out/vs/workbench/workbench.desktop.main.js:6819:577)
    at async b.perform (file:///usr/share/code/resources/app/out/vs/workbench/workbench.desktop.main.js:6819:36)
    at async _.apply (file:///usr/share/code/resources/app/out/vs/workbench/workbench.desktop.main.js:6821:332)
    at async file:///usr/share/code/resources/app/out/vs/workbench/workbench.desktop.main.js:6139:737
[2020-12-28 21:34:17.517] [renderer1] [error] Error: Failed to move 'book1s.scss' to the trash: Unknown (FileSystemError): Error: Failed to move 'book1s.scss' to the trash
    at Object.h [as createFileSystemProviderError] (file:///usr/share/code/resources/app/out/vs/workbench/workbench.desktop.main.js:1749:87)
    at r.toFileSystemProviderError (file:///usr/share/code/resources/app/out/vs/workbench/workbench.desktop.main.js:1823:421)
    at r.delete (file:///usr/share/code/resources/app/out/vs/workbench/workbench.desktop.main.js:1819:651)
    at async _.del (file:///usr/share/code/resources/app/out/vs/workbench/workbench.desktop.main.js:1811:328)
    at async p.delete (file:///usr/share/code/resources/app/out/vs/workbench/workbench.desktop.main.js:6784:18)
    at async v.perform (file:///usr/share/code/resources/app/out/vs/workbench/workbench.desktop.main.js:6815:538)
    at async S.apply (file:///usr/share/code/resources/app/out/vs/workbench/workbench.desktop.main.js:6817:420)
    at async b._performFileEdits (file:///usr/share/code/resources/app/out/vs/workbench/workbench.desktop.main.js:6819:577)
    at async b.perform (file:///usr/share/code/resources/app/out/vs/workbench/workbench.desktop.main.js:6819:36)
    at async _.apply (file:///usr/share/code/resources/app/out/vs/workbench/workbench.desktop.main.js:6821:332)
    at async file:///usr/share/code/resources/app/out/vs/workbench/workbench.desktop.main.js:6139:737
[2020-12-28 21:36:25.240] [renderer1] [error] Unknown (FileSystemError): Error: Failed to move 'page.scss' to the trash
    at Object.h [as createFileSystemProviderError] (file:///usr/share/code/resources/app/out/vs/workbench/workbench.desktop.main.js:1749:87)
    at r.toFileSystemProviderError (file:///usr/share/code/resources/app/out/vs/workbench/workbench.desktop.main.js:1823:421)
    at r.delete (file:///usr/share/code/resources/app/out/vs/workbench/workbench.desktop.main.js:1819:651)
    at async _.del (file:///usr/share/code/resources/app/out/vs/workbench/workbench.desktop.main.js:1811:328)
    at async p.delete (file:///usr/share/code/resources/app/out/vs/workbench/workbench.desktop.main.js:6784:18)
    at async v.perform (file:///usr/share/code/resources/app/out/vs/workbench/workbench.desktop.main.js:6815:538)
    at async S.apply (file:///usr/share/code/resources/app/out/vs/workbench/workbench.desktop.main.js:6817:420)
    at async b._performFileEdits (file:///usr/share/code/resources/app/out/vs/workbench/workbench.desktop.main.js:6819:577)
    at async b.perform (file:///usr/share/code/resources/app/out/vs/workbench/workbench.desktop.main.js:6819:36)
    at async _.apply (file:///usr/share/code/resources/app/out/vs/workbench/workbench.desktop.main.js:6821:332)
    at async file:///usr/share/code/resources/app/out/vs/workbench/workbench.desktop.main.js:6139:737
[2020-12-28 21:36:25.255] [renderer1] [error] Error: Failed to move 'page.scss' to the trash: Unknown (FileSystemError): Error: Failed to move 'page.scss' to the trash
    at Object.h [as createFileSystemProviderError] (file:///usr/share/code/resources/app/out/vs/workbench/workbench.desktop.main.js:1749:87)
    at r.toFileSystemProviderError (file:///usr/share/code/resources/app/out/vs/workbench/workbench.desktop.main.js:1823:421)
    at r.delete (file:///usr/share/code/resources/app/out/vs/workbench/workbench.desktop.main.js:1819:651)
    at async _.del (file:///usr/share/code/resources/app/out/vs/workbench/workbench.desktop.main.js:1811:328)
    at async p.delete (file:///usr/share/code/resources/app/out/vs/workbench/workbench.desktop.main.js:6784:18)
    at async v.perform (file:///usr/share/code/resources/app/out/vs/workbench/workbench.desktop.main.js:6815:538)
    at async S.apply (file:///usr/share/code/resources/app/out/vs/workbench/workbench.desktop.main.js:6817:420)
    at async b._performFileEdits (file:///usr/share/code/resources/app/out/vs/workbench/workbench.desktop.main.js:6819:577)
    at async b.perform (file:///usr/share/code/resources/app/out/vs/workbench/workbench.desktop.main.js:6819:36)
    at async _.apply (file:///usr/share/code/resources/app/out/vs/workbench/workbench.desktop.main.js:6821:332)
    at async file:///usr/share/code/resources/app/out/vs/workbench/workbench.desktop.main.js:6139:737
[2020-12-28 21:36:31.278] [renderer1] [error] Unknown (FileSystemError): Error: Failed to move 'pages.scss' to the trash
    at Object.h [as createFileSystemProviderError] (file:///usr/share/code/resources/app/out/vs/workbench/workbench.desktop.main.js:1749:87)
    at r.toFileSystemProviderError (file:///usr/share/code/resources/app/out/vs/workbench/workbench.desktop.main.js:1823:421)
    at r.delete (file:///usr/share/code/resources/app/out/vs/workbench/workbench.desktop.main.js:1819:651)
    at async _.del (file:///usr/share/code/resources/app/out/vs/workbench/workbench.desktop.main.js:1811:328)
    at async p.delete (file:///usr/share/code/resources/app/out/vs/workbench/workbench.desktop.main.js:6784:18)
    at async v.perform (file:///usr/share/code/resources/app/out/vs/workbench/workbench.desktop.main.js:6815:538)
    at async S.apply (file:///usr/share/code/resources/app/out/vs/workbench/workbench.desktop.main.js:6817:420)
    at async b._performFileEdits (file:///usr/share/code/resources/app/out/vs/workbench/workbench.desktop.main.js:6819:577)
    at async b.perform (file:///usr/share/code/resources/app/out/vs/workbench/workbench.desktop.main.js:6819:36)
    at async _.apply (file:///usr/share/code/resources/app/out/vs/workbench/workbench.desktop.main.js:6821:332)
    at async file:///usr/share/code/resources/app/out/vs/workbench/workbench.desktop.main.js:6139:737
[2020-12-28 21:36:31.283] [renderer1] [error] Error: Failed to move 'pages.scss' to the trash: Unknown (FileSystemError): Error: Failed to move 'pages.scss' to the trash
    at Object.h [as createFileSystemProviderError] (file:///usr/share/code/resources/app/out/vs/workbench/workbench.desktop.main.js:1749:87)
    at r.toFileSystemProviderError (file:///usr/share/code/resources/app/out/vs/workbench/workbench.desktop.main.js:1823:421)
    at r.delete (file:///usr/share/code/resources/app/out/vs/workbench/workbench.desktop.main.js:1819:651)
    at async _.del (file:///usr/share/code/resources/app/out/vs/workbench/workbench.desktop.main.js:1811:328)
    at async p.delete (file:///usr/share/code/resources/app/out/vs/workbench/workbench.desktop.main.js:6784:18)
    at async v.perform (file:///usr/share/code/resources/app/out/vs/workbench/workbench.desktop.main.js:6815:538)
    at async S.apply (file:///usr/share/code/resources/app/out/vs/workbench/workbench.desktop.main.js:6817:420)
    at async b._performFileEdits (file:///usr/share/code/resources/app/out/vs/workbench/workbench.desktop.main.js:6819:577)
    at async b.perform (file:///usr/share/code/resources/app/out/vs/workbench/workbench.desktop.main.js:6819:36)
    at async _.apply (file:///usr/share/code/resources/app/out/vs/workbench/workbench.desktop.main.js:6821:332)
    at async file:///usr/share/code/resources/app/out/vs/workbench/workbench.desktop.main.js:6139:737
