[2020-12-23 19:13:20.658] [renderer1] [error] [File Watcher (node.js)] Error: ENOENT: no such file or directory, stat '/home/jesusb/Documentos/prueba_books/.vscode'
[2020-12-23 19:23:46.490] [renderer1] [error] Failed to execute git
[2020-12-23 19:23:58.476] [renderer1] [error] Unknown (FileSystemError): Error: Failed to move 'pages_controller.rb' to the trash
    at Object.h [as createFileSystemProviderError] (file:///usr/share/code/resources/app/out/vs/workbench/workbench.desktop.main.js:1749:87)
    at r.toFileSystemProviderError (file:///usr/share/code/resources/app/out/vs/workbench/workbench.desktop.main.js:1823:421)
    at r.delete (file:///usr/share/code/resources/app/out/vs/workbench/workbench.desktop.main.js:1819:651)
    at async _.del (file:///usr/share/code/resources/app/out/vs/workbench/workbench.desktop.main.js:1811:328)
    at async p.delete (file:///usr/share/code/resources/app/out/vs/workbench/workbench.desktop.main.js:6784:18)
    at async v.perform (file:///usr/share/code/resources/app/out/vs/workbench/workbench.desktop.main.js:6815:538)
    at async S.apply (file:///usr/share/code/resources/app/out/vs/workbench/workbench.desktop.main.js:6817:420)
    at async b._performFileEdits (file:///usr/share/code/resources/app/out/vs/workbench/workbench.desktop.main.js:6819:577)
    at async b.perform (file:///usr/share/code/resources/app/out/vs/workbench/workbench.desktop.main.js:6819:36)
    at async _.apply (file:///usr/share/code/resources/app/out/vs/workbench/workbench.desktop.main.js:6821:332)
    at async file:///usr/share/code/resources/app/out/vs/workbench/workbench.desktop.main.js:6139:737
[2020-12-23 19:23:58.480] [renderer1] [error] Error: Failed to move 'pages_controller.rb' to the trash: Unknown (FileSystemError): Error: Failed to move 'pages_controller.rb' to the trash
    at Object.h [as createFileSystemProviderError] (file:///usr/share/code/resources/app/out/vs/workbench/workbench.desktop.main.js:1749:87)
    at r.toFileSystemProviderError (file:///usr/share/code/resources/app/out/vs/workbench/workbench.desktop.main.js:1823:421)
    at r.delete (file:///usr/share/code/resources/app/out/vs/workbench/workbench.desktop.main.js:1819:651)
    at async _.del (file:///usr/share/code/resources/app/out/vs/workbench/workbench.desktop.main.js:1811:328)
    at async p.delete (file:///usr/share/code/resources/app/out/vs/workbench/workbench.desktop.main.js:6784:18)
    at async v.perform (file:///usr/share/code/resources/app/out/vs/workbench/workbench.desktop.main.js:6815:538)
    at async S.apply (file:///usr/share/code/resources/app/out/vs/workbench/workbench.desktop.main.js:6817:420)
    at async b._performFileEdits (file:///usr/share/code/resources/app/out/vs/workbench/workbench.desktop.main.js:6819:577)
    at async b.perform (file:///usr/share/code/resources/app/out/vs/workbench/workbench.desktop.main.js:6819:36)
    at async _.apply (file:///usr/share/code/resources/app/out/vs/workbench/workbench.desktop.main.js:6821:332)
    at async file:///usr/share/code/resources/app/out/vs/workbench/workbench.desktop.main.js:6139:737
[2020-12-23 19:25:13.204] [renderer1] [error] Unknown (FileSystemError): Error: Failed to move 'pages_controller.rb' to the trash
    at Object.h [as createFileSystemProviderError] (file:///usr/share/code/resources/app/out/vs/workbench/workbench.desktop.main.js:1749:87)
    at r.toFileSystemProviderError (file:///usr/share/code/resources/app/out/vs/workbench/workbench.desktop.main.js:1823:421)
    at r.delete (file:///usr/share/code/resources/app/out/vs/workbench/workbench.desktop.main.js:1819:651)
    at async _.del (file:///usr/share/code/resources/app/out/vs/workbench/workbench.desktop.main.js:1811:328)
    at async p.delete (file:///usr/share/code/resources/app/out/vs/workbench/workbench.desktop.main.js:6784:18)
    at async v.perform (file:///usr/share/code/resources/app/out/vs/workbench/workbench.desktop.main.js:6815:538)
    at async S.apply (file:///usr/share/code/resources/app/out/vs/workbench/workbench.desktop.main.js:6817:420)
    at async b._performFileEdits (file:///usr/share/code/resources/app/out/vs/workbench/workbench.desktop.main.js:6819:577)
    at async b.perform (file:///usr/share/code/resources/app/out/vs/workbench/workbench.desktop.main.js:6819:36)
    at async _.apply (file:///usr/share/code/resources/app/out/vs/workbench/workbench.desktop.main.js:6821:332)
    at async file:///usr/share/code/resources/app/out/vs/workbench/workbench.desktop.main.js:6139:737
[2020-12-23 19:25:13.207] [renderer1] [error] Error: Failed to move 'pages_controller.rb' to the trash: Unknown (FileSystemError): Error: Failed to move 'pages_controller.rb' to the trash
    at Object.h [as createFileSystemProviderError] (file:///usr/share/code/resources/app/out/vs/workbench/workbench.desktop.main.js:1749:87)
    at r.toFileSystemProviderError (file:///usr/share/code/resources/app/out/vs/workbench/workbench.desktop.main.js:1823:421)
    at r.delete (file:///usr/share/code/resources/app/out/vs/workbench/workbench.desktop.main.js:1819:651)
    at async _.del (file:///usr/share/code/resources/app/out/vs/workbench/workbench.desktop.main.js:1811:328)
    at async p.delete (file:///usr/share/code/resources/app/out/vs/workbench/workbench.desktop.main.js:6784:18)
    at async v.perform (file:///usr/share/code/resources/app/out/vs/workbench/workbench.desktop.main.js:6815:538)
    at async S.apply (file:///usr/share/code/resources/app/out/vs/workbench/workbench.desktop.main.js:6817:420)
    at async b._performFileEdits (file:///usr/share/code/resources/app/out/vs/workbench/workbench.desktop.main.js:6819:577)
    at async b.perform (file:///usr/share/code/resources/app/out/vs/workbench/workbench.desktop.main.js:6819:36)
    at async _.apply (file:///usr/share/code/resources/app/out/vs/workbench/workbench.desktop.main.js:6821:332)
    at async file:///usr/share/code/resources/app/out/vs/workbench/workbench.desktop.main.js:6139:737
[2020-12-23 19:25:16.845] [renderer1] [error] Unknown (FileSystemError): Error: Failed to move 'page_controller.rb' to the trash
    at Object.h [as createFileSystemProviderError] (file:///usr/share/code/resources/app/out/vs/workbench/workbench.desktop.main.js:1749:87)
    at r.toFileSystemProviderError (file:///usr/share/code/resources/app/out/vs/workbench/workbench.desktop.main.js:1823:421)
    at r.delete (file:///usr/share/code/resources/app/out/vs/workbench/workbench.desktop.main.js:1819:651)
    at async _.del (file:///usr/share/code/resources/app/out/vs/workbench/workbench.desktop.main.js:1811:328)
    at async p.delete (file:///usr/share/code/resources/app/out/vs/workbench/workbench.desktop.main.js:6784:18)
    at async v.perform (file:///usr/share/code/resources/app/out/vs/workbench/workbench.desktop.main.js:6815:538)
    at async S.apply (file:///usr/share/code/resources/app/out/vs/workbench/workbench.desktop.main.js:6817:420)
    at async b._performFileEdits (file:///usr/share/code/resources/app/out/vs/workbench/workbench.desktop.main.js:6819:577)
    at async b.perform (file:///usr/share/code/resources/app/out/vs/workbench/workbench.desktop.main.js:6819:36)
    at async _.apply (file:///usr/share/code/resources/app/out/vs/workbench/workbench.desktop.main.js:6821:332)
    at async file:///usr/share/code/resources/app/out/vs/workbench/workbench.desktop.main.js:6139:737
[2020-12-23 19:25:16.850] [renderer1] [error] Error: Failed to move 'page_controller.rb' to the trash: Unknown (FileSystemError): Error: Failed to move 'page_controller.rb' to the trash
    at Object.h [as createFileSystemProviderError] (file:///usr/share/code/resources/app/out/vs/workbench/workbench.desktop.main.js:1749:87)
    at r.toFileSystemProviderError (file:///usr/share/code/resources/app/out/vs/workbench/workbench.desktop.main.js:1823:421)
    at r.delete (file:///usr/share/code/resources/app/out/vs/workbench/workbench.desktop.main.js:1819:651)
    at async _.del (file:///usr/share/code/resources/app/out/vs/workbench/workbench.desktop.main.js:1811:328)
    at async p.delete (file:///usr/share/code/resources/app/out/vs/workbench/workbench.desktop.main.js:6784:18)
    at async v.perform (file:///usr/share/code/resources/app/out/vs/workbench/workbench.desktop.main.js:6815:538)
    at async S.apply (file:///usr/share/code/resources/app/out/vs/workbench/workbench.desktop.main.js:6817:420)
    at async b._performFileEdits (file:///usr/share/code/resources/app/out/vs/workbench/workbench.desktop.main.js:6819:577)
    at async b.perform (file:///usr/share/code/resources/app/out/vs/workbench/workbench.desktop.main.js:6819:36)
    at async _.apply (file:///usr/share/code/resources/app/out/vs/workbench/workbench.desktop.main.js:6821:332)
    at async file:///usr/share/code/resources/app/out/vs/workbench/workbench.desktop.main.js:6139:737
[2020-12-23 19:25:20.021] [renderer1] [error] [text file model] handleSaveError(96) - exit - resulted in a save error: Error: Unable to write file '/home/jesusb/Documentos/prueba_books/config/routes.rb' (Error: File Modified Since) file:///home/jesusb/Documentos/prueba_books/config/routes.rb
[2020-12-23 19:27:18.686] [renderer1] [error] Unknown (FileSystemError): Error: Failed to move 'index.html.erb' to the trash
    at Object.h [as createFileSystemProviderError] (file:///usr/share/code/resources/app/out/vs/workbench/workbench.desktop.main.js:1749:87)
    at r.toFileSystemProviderError (file:///usr/share/code/resources/app/out/vs/workbench/workbench.desktop.main.js:1823:421)
    at r.delete (file:///usr/share/code/resources/app/out/vs/workbench/workbench.desktop.main.js:1819:651)
    at async _.del (file:///usr/share/code/resources/app/out/vs/workbench/workbench.desktop.main.js:1811:328)
    at async p.delete (file:///usr/share/code/resources/app/out/vs/workbench/workbench.desktop.main.js:6784:18)
    at async v.perform (file:///usr/share/code/resources/app/out/vs/workbench/workbench.desktop.main.js:6815:538)
    at async S.apply (file:///usr/share/code/resources/app/out/vs/workbench/workbench.desktop.main.js:6817:420)
    at async b._performFileEdits (file:///usr/share/code/resources/app/out/vs/workbench/workbench.desktop.main.js:6819:577)
    at async b.perform (file:///usr/share/code/resources/app/out/vs/workbench/workbench.desktop.main.js:6819:36)
    at async _.apply (file:///usr/share/code/resources/app/out/vs/workbench/workbench.desktop.main.js:6821:332)
    at async file:///usr/share/code/resources/app/out/vs/workbench/workbench.desktop.main.js:6139:737
[2020-12-23 19:27:18.688] [renderer1] [error] Error: Failed to move 'index.html.erb' to the trash: Unknown (FileSystemError): Error: Failed to move 'index.html.erb' to the trash
    at Object.h [as createFileSystemProviderError] (file:///usr/share/code/resources/app/out/vs/workbench/workbench.desktop.main.js:1749:87)
    at r.toFileSystemProviderError (file:///usr/share/code/resources/app/out/vs/workbench/workbench.desktop.main.js:1823:421)
    at r.delete (file:///usr/share/code/resources/app/out/vs/workbench/workbench.desktop.main.js:1819:651)
    at async _.del (file:///usr/share/code/resources/app/out/vs/workbench/workbench.desktop.main.js:1811:328)
    at async p.delete (file:///usr/share/code/resources/app/out/vs/workbench/workbench.desktop.main.js:6784:18)
    at async v.perform (file:///usr/share/code/resources/app/out/vs/workbench/workbench.desktop.main.js:6815:538)
    at async S.apply (file:///usr/share/code/resources/app/out/vs/workbench/workbench.desktop.main.js:6817:420)
    at async b._performFileEdits (file:///usr/share/code/resources/app/out/vs/workbench/workbench.desktop.main.js:6819:577)
    at async b.perform (file:///usr/share/code/resources/app/out/vs/workbench/workbench.desktop.main.js:6819:36)
    at async _.apply (file:///usr/share/code/resources/app/out/vs/workbench/workbench.desktop.main.js:6821:332)
    at async file:///usr/share/code/resources/app/out/vs/workbench/workbench.desktop.main.js:6139:737
[2020-12-23 19:27:23.086] [renderer1] [error] Unknown (FileSystemError): Error: Failed to move 'home.html.erb' to the trash
    at Object.h [as createFileSystemProviderError] (file:///usr/share/code/resources/app/out/vs/workbench/workbench.desktop.main.js:1749:87)
    at r.toFileSystemProviderError (file:///usr/share/code/resources/app/out/vs/workbench/workbench.desktop.main.js:1823:421)
    at r.delete (file:///usr/share/code/resources/app/out/vs/workbench/workbench.desktop.main.js:1819:651)
    at async _.del (file:///usr/share/code/resources/app/out/vs/workbench/workbench.desktop.main.js:1811:328)
    at async p.delete (file:///usr/share/code/resources/app/out/vs/workbench/workbench.desktop.main.js:6784:18)
    at async v.perform (file:///usr/share/code/resources/app/out/vs/workbench/workbench.desktop.main.js:6815:538)
    at async S.apply (file:///usr/share/code/resources/app/out/vs/workbench/workbench.desktop.main.js:6817:420)
    at async b._performFileEdits (file:///usr/share/code/resources/app/out/vs/workbench/workbench.desktop.main.js:6819:577)
    at async b.perform (file:///usr/share/code/resources/app/out/vs/workbench/workbench.desktop.main.js:6819:36)
    at async _.apply (file:///usr/share/code/resources/app/out/vs/workbench/workbench.desktop.main.js:6821:332)
    at async file:///usr/share/code/resources/app/out/vs/workbench/workbench.desktop.main.js:6139:737
[2020-12-23 19:27:23.088] [renderer1] [error] Error: Failed to move 'home.html.erb' to the trash: Unknown (FileSystemError): Error: Failed to move 'home.html.erb' to the trash
    at Object.h [as createFileSystemProviderError] (file:///usr/share/code/resources/app/out/vs/workbench/workbench.desktop.main.js:1749:87)
    at r.toFileSystemProviderError (file:///usr/share/code/resources/app/out/vs/workbench/workbench.desktop.main.js:1823:421)
    at r.delete (file:///usr/share/code/resources/app/out/vs/workbench/workbench.desktop.main.js:1819:651)
    at async _.del (file:///usr/share/code/resources/app/out/vs/workbench/workbench.desktop.main.js:1811:328)
    at async p.delete (file:///usr/share/code/resources/app/out/vs/workbench/workbench.desktop.main.js:6784:18)
    at async v.perform (file:///usr/share/code/resources/app/out/vs/workbench/workbench.desktop.main.js:6815:538)
    at async S.apply (file:///usr/share/code/resources/app/out/vs/workbench/workbench.desktop.main.js:6817:420)
    at async b._performFileEdits (file:///usr/share/code/resources/app/out/vs/workbench/workbench.desktop.main.js:6819:577)
    at async b.perform (file:///usr/share/code/resources/app/out/vs/workbench/workbench.desktop.main.js:6819:36)
    at async _.apply (file:///usr/share/code/resources/app/out/vs/workbench/workbench.desktop.main.js:6821:332)
    at async file:///usr/share/code/resources/app/out/vs/workbench/workbench.desktop.main.js:6139:737
[2020-12-23 19:27:26.817] [renderer1] [error] Unknown (FileSystemError): Error: Failed to move 'pages' to the trash
    at Object.h [as createFileSystemProviderError] (file:///usr/share/code/resources/app/out/vs/workbench/workbench.desktop.main.js:1749:87)
    at r.toFileSystemProviderError (file:///usr/share/code/resources/app/out/vs/workbench/workbench.desktop.main.js:1823:421)
    at r.delete (file:///usr/share/code/resources/app/out/vs/workbench/workbench.desktop.main.js:1819:651)
    at async _.del (file:///usr/share/code/resources/app/out/vs/workbench/workbench.desktop.main.js:1811:328)
    at async p.delete (file:///usr/share/code/resources/app/out/vs/workbench/workbench.desktop.main.js:6784:18)
    at async v.perform (file:///usr/share/code/resources/app/out/vs/workbench/workbench.desktop.main.js:6815:538)
    at async S.apply (file:///usr/share/code/resources/app/out/vs/workbench/workbench.desktop.main.js:6817:420)
    at async b._performFileEdits (file:///usr/share/code/resources/app/out/vs/workbench/workbench.desktop.main.js:6819:577)
    at async b.perform (file:///usr/share/code/resources/app/out/vs/workbench/workbench.desktop.main.js:6819:36)
    at async _.apply (file:///usr/share/code/resources/app/out/vs/workbench/workbench.desktop.main.js:6821:332)
    at async file:///usr/share/code/resources/app/out/vs/workbench/workbench.desktop.main.js:6139:737
[2020-12-23 19:27:26.829] [renderer1] [error] Error: Failed to move 'pages' to the trash: Unknown (FileSystemError): Error: Failed to move 'pages' to the trash
    at Object.h [as createFileSystemProviderError] (file:///usr/share/code/resources/app/out/vs/workbench/workbench.desktop.main.js:1749:87)
    at r.toFileSystemProviderError (file:///usr/share/code/resources/app/out/vs/workbench/workbench.desktop.main.js:1823:421)
    at r.delete (file:///usr/share/code/resources/app/out/vs/workbench/workbench.desktop.main.js:1819:651)
    at async _.del (file:///usr/share/code/resources/app/out/vs/workbench/workbench.desktop.main.js:1811:328)
    at async p.delete (file:///usr/share/code/resources/app/out/vs/workbench/workbench.desktop.main.js:6784:18)
    at async v.perform (file:///usr/share/code/resources/app/out/vs/workbench/workbench.desktop.main.js:6815:538)
    at async S.apply (file:///usr/share/code/resources/app/out/vs/workbench/workbench.desktop.main.js:6817:420)
    at async b._performFileEdits (file:///usr/share/code/resources/app/out/vs/workbench/workbench.desktop.main.js:6819:577)
    at async b.perform (file:///usr/share/code/resources/app/out/vs/workbench/workbench.desktop.main.js:6819:36)
    at async _.apply (file:///usr/share/code/resources/app/out/vs/workbench/workbench.desktop.main.js:6821:332)
    at async file:///usr/share/code/resources/app/out/vs/workbench/workbench.desktop.main.js:6139:737
[2020-12-23 19:27:35.704] [renderer1] [error] Unknown (FileSystemError): Error: Failed to move 'page' to the trash
    at Object.h [as createFileSystemProviderError] (file:///usr/share/code/resources/app/out/vs/workbench/workbench.desktop.main.js:1749:87)
    at r.toFileSystemProviderError (file:///usr/share/code/resources/app/out/vs/workbench/workbench.desktop.main.js:1823:421)
    at r.delete (file:///usr/share/code/resources/app/out/vs/workbench/workbench.desktop.main.js:1819:651)
    at async _.del (file:///usr/share/code/resources/app/out/vs/workbench/workbench.desktop.main.js:1811:328)
    at async p.delete (file:///usr/share/code/resources/app/out/vs/workbench/workbench.desktop.main.js:6784:18)
    at async v.perform (file:///usr/share/code/resources/app/out/vs/workbench/workbench.desktop.main.js:6815:538)
    at async S.apply (file:///usr/share/code/resources/app/out/vs/workbench/workbench.desktop.main.js:6817:420)
    at async b._performFileEdits (file:///usr/share/code/resources/app/out/vs/workbench/workbench.desktop.main.js:6819:577)
    at async b.perform (file:///usr/share/code/resources/app/out/vs/workbench/workbench.desktop.main.js:6819:36)
    at async _.apply (file:///usr/share/code/resources/app/out/vs/workbench/workbench.desktop.main.js:6821:332)
    at async file:///usr/share/code/resources/app/out/vs/workbench/workbench.desktop.main.js:6139:737
[2020-12-23 19:27:35.706] [renderer1] [error] Error: Failed to move 'page' to the trash: Unknown (FileSystemError): Error: Failed to move 'page' to the trash
    at Object.h [as createFileSystemProviderError] (file:///usr/share/code/resources/app/out/vs/workbench/workbench.desktop.main.js:1749:87)
    at r.toFileSystemProviderError (file:///usr/share/code/resources/app/out/vs/workbench/workbench.desktop.main.js:1823:421)
    at r.delete (file:///usr/share/code/resources/app/out/vs/workbench/workbench.desktop.main.js:1819:651)
    at async _.del (file:///usr/share/code/resources/app/out/vs/workbench/workbench.desktop.main.js:1811:328)
    at async p.delete (file:///usr/share/code/resources/app/out/vs/workbench/workbench.desktop.main.js:6784:18)
    at async v.perform (file:///usr/share/code/resources/app/out/vs/workbench/workbench.desktop.main.js:6815:538)
    at async S.apply (file:///usr/share/code/resources/app/out/vs/workbench/workbench.desktop.main.js:6817:420)
    at async b._performFileEdits (file:///usr/share/code/resources/app/out/vs/workbench/workbench.desktop.main.js:6819:577)
    at async b.perform (file:///usr/share/code/resources/app/out/vs/workbench/workbench.desktop.main.js:6819:36)
    at async _.apply (file:///usr/share/code/resources/app/out/vs/workbench/workbench.desktop.main.js:6821:332)
    at async file:///usr/share/code/resources/app/out/vs/workbench/workbench.desktop.main.js:6139:737
