[2020-12-23 20:38:06.015] [renderer1] [error] [File Watcher (node.js)] Error: ENOENT: no such file or directory, stat '/home/jesusb/Documentos/prueba_books/.vscode'
[2020-12-23 21:15:09.183] [renderer1] [error] Unknown (FileSystemError): Error: Failed to move '20201224005722_create_books.rb' to the trash
    at Object.h [as createFileSystemProviderError] (file:///usr/share/code/resources/app/out/vs/workbench/workbench.desktop.main.js:1749:87)
    at r.toFileSystemProviderError (file:///usr/share/code/resources/app/out/vs/workbench/workbench.desktop.main.js:1823:421)
    at r.delete (file:///usr/share/code/resources/app/out/vs/workbench/workbench.desktop.main.js:1819:651)
    at async _.del (file:///usr/share/code/resources/app/out/vs/workbench/workbench.desktop.main.js:1811:328)
    at async p.delete (file:///usr/share/code/resources/app/out/vs/workbench/workbench.desktop.main.js:6784:18)
    at async v.perform (file:///usr/share/code/resources/app/out/vs/workbench/workbench.desktop.main.js:6815:538)
    at async S.apply (file:///usr/share/code/resources/app/out/vs/workbench/workbench.desktop.main.js:6817:420)
    at async b._performFileEdits (file:///usr/share/code/resources/app/out/vs/workbench/workbench.desktop.main.js:6819:577)
    at async b.perform (file:///usr/share/code/resources/app/out/vs/workbench/workbench.desktop.main.js:6819:36)
    at async _.apply (file:///usr/share/code/resources/app/out/vs/workbench/workbench.desktop.main.js:6821:332)
    at async file:///usr/share/code/resources/app/out/vs/workbench/workbench.desktop.main.js:6139:737
[2020-12-23 21:15:09.319] [renderer1] [error] Error: Failed to move '20201224005722_create_books.rb' to the trash: Unknown (FileSystemError): Error: Failed to move '20201224005722_create_books.rb' to the trash
    at Object.h [as createFileSystemProviderError] (file:///usr/share/code/resources/app/out/vs/workbench/workbench.desktop.main.js:1749:87)
    at r.toFileSystemProviderError (file:///usr/share/code/resources/app/out/vs/workbench/workbench.desktop.main.js:1823:421)
    at r.delete (file:///usr/share/code/resources/app/out/vs/workbench/workbench.desktop.main.js:1819:651)
    at async _.del (file:///usr/share/code/resources/app/out/vs/workbench/workbench.desktop.main.js:1811:328)
    at async p.delete (file:///usr/share/code/resources/app/out/vs/workbench/workbench.desktop.main.js:6784:18)
    at async v.perform (file:///usr/share/code/resources/app/out/vs/workbench/workbench.desktop.main.js:6815:538)
    at async S.apply (file:///usr/share/code/resources/app/out/vs/workbench/workbench.desktop.main.js:6817:420)
    at async b._performFileEdits (file:///usr/share/code/resources/app/out/vs/workbench/workbench.desktop.main.js:6819:577)
    at async b.perform (file:///usr/share/code/resources/app/out/vs/workbench/workbench.desktop.main.js:6819:36)
    at async _.apply (file:///usr/share/code/resources/app/out/vs/workbench/workbench.desktop.main.js:6821:332)
    at async file:///usr/share/code/resources/app/out/vs/workbench/workbench.desktop.main.js:6139:737
[2020-12-23 21:15:17.363] [renderer1] [error] Unknown (FileSystemError): Error: Failed to move 'book.rb' to the trash
    at Object.h [as createFileSystemProviderError] (file:///usr/share/code/resources/app/out/vs/workbench/workbench.desktop.main.js:1749:87)
    at r.toFileSystemProviderError (file:///usr/share/code/resources/app/out/vs/workbench/workbench.desktop.main.js:1823:421)
    at r.delete (file:///usr/share/code/resources/app/out/vs/workbench/workbench.desktop.main.js:1819:651)
    at async _.del (file:///usr/share/code/resources/app/out/vs/workbench/workbench.desktop.main.js:1811:328)
    at async p.delete (file:///usr/share/code/resources/app/out/vs/workbench/workbench.desktop.main.js:6784:18)
    at async v.perform (file:///usr/share/code/resources/app/out/vs/workbench/workbench.desktop.main.js:6815:538)
    at async S.apply (file:///usr/share/code/resources/app/out/vs/workbench/workbench.desktop.main.js:6817:420)
    at async b._performFileEdits (file:///usr/share/code/resources/app/out/vs/workbench/workbench.desktop.main.js:6819:577)
    at async b.perform (file:///usr/share/code/resources/app/out/vs/workbench/workbench.desktop.main.js:6819:36)
    at async _.apply (file:///usr/share/code/resources/app/out/vs/workbench/workbench.desktop.main.js:6821:332)
    at async file:///usr/share/code/resources/app/out/vs/workbench/workbench.desktop.main.js:6139:737
[2020-12-23 21:15:17.379] [renderer1] [error] Error: Failed to move 'book.rb' to the trash: Unknown (FileSystemError): Error: Failed to move 'book.rb' to the trash
    at Object.h [as createFileSystemProviderError] (file:///usr/share/code/resources/app/out/vs/workbench/workbench.desktop.main.js:1749:87)
    at r.toFileSystemProviderError (file:///usr/share/code/resources/app/out/vs/workbench/workbench.desktop.main.js:1823:421)
    at r.delete (file:///usr/share/code/resources/app/out/vs/workbench/workbench.desktop.main.js:1819:651)
    at async _.del (file:///usr/share/code/resources/app/out/vs/workbench/workbench.desktop.main.js:1811:328)
    at async p.delete (file:///usr/share/code/resources/app/out/vs/workbench/workbench.desktop.main.js:6784:18)
    at async v.perform (file:///usr/share/code/resources/app/out/vs/workbench/workbench.desktop.main.js:6815:538)
    at async S.apply (file:///usr/share/code/resources/app/out/vs/workbench/workbench.desktop.main.js:6817:420)
    at async b._performFileEdits (file:///usr/share/code/resources/app/out/vs/workbench/workbench.desktop.main.js:6819:577)
    at async b.perform (file:///usr/share/code/resources/app/out/vs/workbench/workbench.desktop.main.js:6819:36)
    at async _.apply (file:///usr/share/code/resources/app/out/vs/workbench/workbench.desktop.main.js:6821:332)
    at async file:///usr/share/code/resources/app/out/vs/workbench/workbench.desktop.main.js:6139:737
