[2020-12-28 18:30:43.866] [exthost] [info] extension host started
[2020-12-28 18:30:43.913] [exthost] [info] ExtensionService#_doActivateExtension vscode.microsoft-authentication {"startup":false,"extensionId":{"value":"vscode.microsoft-authentication","_lower":"vscode.microsoft-authentication"},"activationEvent":"onAuthenticationRequest:microsoft"}
[2020-12-28 18:30:43.914] [exthost] [info] ExtensionService#loadCommonJSModule file:///usr/share/code/resources/app/extensions/microsoft-authentication/dist/extension.js
[2020-12-28 18:30:44.182] [exthost] [info] ExtensionService#_doActivateExtension vscode.debug-auto-launch {"startup":true,"extensionId":{"value":"vscode.debug-auto-launch","_lower":"vscode.debug-auto-launch"},"activationEvent":"*"}
[2020-12-28 18:30:44.182] [exthost] [info] ExtensionService#loadCommonJSModule file:///usr/share/code/resources/app/extensions/debug-auto-launch/dist/extension
[2020-12-28 18:30:44.896] [exthost] [info] ExtensionService#_doActivateExtension vscode.emmet {"startup":true,"extensionId":{"value":"vscode.emmet","_lower":"vscode.emmet"},"activationEvent":"*"}
[2020-12-28 18:30:44.896] [exthost] [info] ExtensionService#loadCommonJSModule file:///usr/share/code/resources/app/extensions/emmet/dist/node/emmetNodeMain
[2020-12-28 18:30:45.320] [exthost] [info] ExtensionService#_doActivateExtension vscode.git {"startup":true,"extensionId":{"value":"vscode.github","_lower":"vscode.github"},"activationEvent":"*"}
[2020-12-28 18:30:45.320] [exthost] [info] ExtensionService#loadCommonJSModule file:///usr/share/code/resources/app/extensions/git/dist/main
[2020-12-28 18:30:45.954] [exthost] [info] ExtensionService#_doActivateExtension vscode.merge-conflict {"startup":true,"extensionId":{"value":"vscode.merge-conflict","_lower":"vscode.merge-conflict"},"activationEvent":"*"}
[2020-12-28 18:30:45.955] [exthost] [info] ExtensionService#loadCommonJSModule file:///usr/share/code/resources/app/extensions/merge-conflict/dist/mergeConflictMain
[2020-12-28 18:30:46.091] [exthost] [info] ExtensionService#_doActivateExtension vscode.search-result {"startup":true,"extensionId":{"value":"vscode.search-result","_lower":"vscode.search-result"},"activationEvent":"*"}
[2020-12-28 18:30:46.091] [exthost] [info] ExtensionService#loadCommonJSModule file:///usr/share/code/resources/app/extensions/search-result/dist/extension.js
[2020-12-28 18:30:46.216] [exthost] [info] ExtensionService#_doActivateExtension donjayamanne.githistory {"startup":true,"extensionId":{"value":"donjayamanne.githistory","_lower":"donjayamanne.githistory"},"activationEvent":"*"}
[2020-12-28 18:30:46.216] [exthost] [info] ExtensionService#loadCommonJSModule file:///root/.vscode/extensions/donjayamanne.githistory-0.6.14/dist/src/extension
[2020-12-28 18:30:46.518] [exthost] [info] ExtensionService#_doActivateExtension HookyQR.beautify {"startup":true,"extensionId":{"value":"HookyQR.beautify","_lower":"hookyqr.beautify"},"activationEvent":"*"}
[2020-12-28 18:30:46.518] [exthost] [info] ExtensionService#loadCommonJSModule file:///root/.vscode/extensions/hookyqr.beautify-1.5.0/extension
[2020-12-28 18:30:50.928] [exthost] [info] ExtensionService#_doActivateExtension vscode.npm {"startup":true,"extensionId":{"value":"vscode.npm","_lower":"vscode.npm"},"activationEvent":"workspaceContains:package.json"}
[2020-12-28 18:30:50.928] [exthost] [info] ExtensionService#loadCommonJSModule file:///usr/share/code/resources/app/extensions/npm/dist/npmMain
[2020-12-28 18:30:51.081] [exthost] [info] ExtensionService#_doActivateExtension rebornix.ruby {"startup":false,"extensionId":{"value":"rebornix.ruby","_lower":"rebornix.ruby"},"activationEvent":"onLanguage:ruby"}
[2020-12-28 18:30:51.082] [exthost] [info] ExtensionService#loadCommonJSModule file:///root/.vscode/extensions/rebornix.ruby-0.27.0/dist/client/ruby.js
[2020-12-28 18:30:51.613] [exthost] [info] ExtensionService#_doActivateExtension ms-vscode.js-debug {"startup":false,"extensionId":{"value":"ms-vscode.js-debug","_lower":"ms-vscode.js-debug"},"activationEvent":"onCommand:extension.js-debug.clearAutoAttachVariables"}
[2020-12-28 18:30:51.613] [exthost] [info] ExtensionService#loadCommonJSModule file:///usr/share/code/resources/app/extensions/ms-vscode.js-debug/src/extension.js
[2020-12-28 18:30:52.870] [exthost] [info] ExtensionService#_doActivateExtension vscode.github {"startup":true,"extensionId":{"value":"vscode.github","_lower":"vscode.github"},"activationEvent":"*"}
[2020-12-28 18:30:52.870] [exthost] [info] ExtensionService#loadCommonJSModule file:///usr/share/code/resources/app/extensions/github/dist/extension.js
[2020-12-28 18:30:53.242] [exthost] [info] eager extensions activated
[2020-12-28 18:30:53.491] [exthost] [info] ExtensionService#_doActivateExtension vscode.github-authentication {"startup":false,"extensionId":{"value":"vscode.github-authentication","_lower":"vscode.github-authentication"},"activationEvent":"onAuthenticationRequest:github"}
[2020-12-28 18:30:53.491] [exthost] [info] ExtensionService#loadCommonJSModule file:///usr/share/code/resources/app/extensions/github-authentication/dist/extension.js
[2020-12-28 18:30:53.809] [exthost] [warning] [Decorations] CAPPING events from decorations provider vscode.git 509
[2020-12-28 18:31:47.876] [exthost] [warning] [Decorations] CAPPING events from decorations provider vscode.git 510
[2020-12-28 18:34:49.384] [exthost] [warning] [Decorations] CAPPING events from decorations provider vscode.git 509
[2020-12-28 18:40:14.818] [exthost] [warning] [Decorations] CAPPING events from decorations provider vscode.git 509
[2020-12-28 18:40:20.013] [exthost] [warning] [Decorations] CAPPING events from decorations provider vscode.git 509
[2020-12-28 18:40:43.626] [exthost] [warning] [Decorations] CAPPING events from decorations provider vscode.git 509
[2020-12-28 18:40:48.796] [exthost] [warning] [Decorations] CAPPING events from decorations provider vscode.git 509
[2020-12-28 18:41:00.972] [exthost] [warning] [Decorations] CAPPING events from decorations provider vscode.git 509
[2020-12-28 18:41:10.721] [exthost] [warning] [Decorations] CAPPING events from decorations provider vscode.git 509
[2020-12-28 18:41:46.767] [exthost] [warning] [Decorations] CAPPING events from decorations provider vscode.git 509
[2020-12-28 18:41:51.980] [exthost] [warning] [Decorations] CAPPING events from decorations provider vscode.git 509
[2020-12-28 18:42:55.648] [exthost] [warning] [Decorations] CAPPING events from decorations provider vscode.git 509
[2020-12-28 18:43:00.849] [exthost] [warning] [Decorations] CAPPING events from decorations provider vscode.git 509
[2020-12-28 18:44:10.609] [exthost] [warning] [Decorations] CAPPING events from decorations provider vscode.git 509
[2020-12-28 18:44:17.409] [exthost] [warning] [Decorations] CAPPING events from decorations provider vscode.git 509
[2020-12-28 18:45:10.587] [exthost] [warning] [Decorations] CAPPING events from decorations provider vscode.git 509
[2020-12-28 18:45:35.790] [exthost] [warning] [Decorations] CAPPING events from decorations provider vscode.git 509
[2020-12-28 18:46:08.163] [exthost] [warning] [Decorations] CAPPING events from decorations provider vscode.git 509
[2020-12-28 18:46:13.361] [exthost] [warning] [Decorations] CAPPING events from decorations provider vscode.git 509
[2020-12-28 18:46:20.062] [exthost] [warning] [Decorations] CAPPING events from decorations provider vscode.git 509
[2020-12-28 18:46:25.231] [exthost] [warning] [Decorations] CAPPING events from decorations provider vscode.git 509
[2020-12-28 18:53:37.025] [exthost] [warning] [Decorations] CAPPING events from decorations provider vscode.git 509
[2020-12-28 18:54:20.064] [exthost] [warning] [Decorations] CAPPING events from decorations provider vscode.git 509
[2020-12-28 18:54:25.259] [exthost] [warning] [Decorations] CAPPING events from decorations provider vscode.git 509
[2020-12-28 18:54:40.157] [exthost] [warning] [Decorations] CAPPING events from decorations provider vscode.git 510
[2020-12-28 18:54:45.305] [exthost] [warning] [Decorations] CAPPING events from decorations provider vscode.git 510
[2020-12-28 18:56:58.837] [exthost] [warning] [Decorations] CAPPING events from decorations provider vscode.git 509
[2020-12-28 18:57:04.080] [exthost] [warning] [Decorations] CAPPING events from decorations provider vscode.git 509
[2020-12-28 18:58:30.644] [exthost] [warning] [Decorations] CAPPING events from decorations provider vscode.git 509
[2020-12-28 18:58:39.458] [exthost] [warning] [Decorations] CAPPING events from decorations provider vscode.git 509
[2020-12-28 18:58:44.758] [exthost] [warning] [Decorations] CAPPING events from decorations provider vscode.git 509
[2020-12-28 19:02:43.751] [exthost] [warning] [Decorations] CAPPING events from decorations provider vscode.git 509
[2020-12-28 19:03:01.683] [exthost] [warning] [Decorations] CAPPING events from decorations provider vscode.git 509
[2020-12-28 19:03:31.751] [exthost] [warning] [Decorations] CAPPING events from decorations provider vscode.git 509
[2020-12-28 19:04:38.959] [exthost] [warning] [Decorations] CAPPING events from decorations provider vscode.git 509
[2020-12-28 19:04:49.984] [exthost] [warning] [Decorations] CAPPING events from decorations provider vscode.git 511
[2020-12-28 19:04:55.527] [exthost] [warning] [Decorations] CAPPING events from decorations provider vscode.git 511
[2020-12-28 19:07:10.895] [exthost] [warning] [Decorations] CAPPING events from decorations provider vscode.git 515
[2020-12-28 19:07:24.091] [exthost] [warning] [Decorations] CAPPING events from decorations provider vscode.git 515
[2020-12-28 19:07:31.012] [exthost] [warning] [Decorations] CAPPING events from decorations provider vscode.git 515
[2020-12-28 19:09:54.375] [exthost] [warning] [Decorations] CAPPING events from decorations provider vscode.git 515
[2020-12-28 19:11:16.562] [exthost] [warning] [Decorations] CAPPING events from decorations provider vscode.git 515
[2020-12-28 19:12:07.212] [exthost] [warning] [Decorations] CAPPING events from decorations provider vscode.git 515
[2020-12-28 19:14:09.293] [exthost] [warning] [Decorations] CAPPING events from decorations provider vscode.git 515
[2020-12-28 19:16:57.693] [exthost] [warning] [Decorations] CAPPING events from decorations provider vscode.git 515
[2020-12-28 19:17:46.910] [exthost] [warning] [Decorations] CAPPING events from decorations provider vscode.git 515
[2020-12-28 19:17:52.063] [exthost] [warning] [Decorations] CAPPING events from decorations provider vscode.git 515
[2020-12-28 19:18:59.073] [exthost] [warning] [Decorations] CAPPING events from decorations provider vscode.git 515
[2020-12-28 19:19:49.310] [exthost] [warning] [Decorations] CAPPING events from decorations provider vscode.git 515
[2020-12-28 19:19:59.559] [exthost] [warning] [Decorations] CAPPING events from decorations provider vscode.git 515
[2020-12-28 19:20:15.549] [exthost] [warning] [Decorations] CAPPING events from decorations provider vscode.git 515
[2020-12-28 19:21:56.627] [exthost] [warning] [Decorations] CAPPING events from decorations provider vscode.git 515
[2020-12-28 19:22:10.666] [exthost] [warning] [Decorations] CAPPING events from decorations provider vscode.git 515
[2020-12-28 19:22:41.493] [exthost] [warning] [Decorations] CAPPING events from decorations provider vscode.git 515
[2020-12-28 19:24:01.556] [exthost] [warning] [Decorations] CAPPING events from decorations provider vscode.git 515
[2020-12-28 19:24:34.569] [exthost] [warning] [Decorations] CAPPING events from decorations provider vscode.git 515
[2020-12-28 19:24:44.287] [exthost] [warning] [Decorations] CAPPING events from decorations provider vscode.git 515
[2020-12-28 19:25:26.371] [exthost] [warning] [Decorations] CAPPING events from decorations provider vscode.git 529
[2020-12-28 19:25:32.703] [exthost] [warning] [Decorations] CAPPING events from decorations provider vscode.git 529
[2020-12-28 19:25:49.479] [exthost] [warning] [Decorations] CAPPING events from decorations provider vscode.git 535
[2020-12-28 19:27:59.005] [exthost] [warning] [Decorations] CAPPING events from decorations provider vscode.git 535
[2020-12-28 19:28:04.376] [exthost] [warning] [Decorations] CAPPING events from decorations provider vscode.git 535
[2020-12-28 19:30:07.549] [exthost] [warning] [Decorations] CAPPING events from decorations provider vscode.git 535
[2020-12-28 19:31:09.106] [exthost] [warning] [Decorations] CAPPING events from decorations provider vscode.git 535
[2020-12-28 19:31:14.872] [exthost] [warning] [Decorations] CAPPING events from decorations provider vscode.git 535
[2020-12-28 21:34:13.823] [exthost] [info] ExtensionService#_doActivateExtension vscode.css-language-features {"startup":false,"extensionId":{"value":"vscode.css-language-features","_lower":"vscode.css-language-features"},"activationEvent":"onLanguage:scss"}
[2020-12-28 21:34:13.824] [exthost] [info] ExtensionService#loadCommonJSModule file:///usr/share/code/resources/app/extensions/css-language-features/client/dist/node/cssClientMain
